TN:
SF:src\components\shared\appBar\constants\constants.tsx
FN:3,(anonymous_0)
FNF:1
FNH:1
FNDA:1,(anonymous_0)
DA:1,1
DA:3,1
DA:4,1
DA:5,1
DA:6,1
DA:14,1
DA:20,1
LF:7
LH:7
BRDA:3,0,0,1
BRDA:3,0,1,1
BRF:2
BRH:2
end_of_record
TN:
SF:src\components\shared\appBar\utils\Timer.Utils.tsx
FN:11,(anonymous_1)
FN:19,(anonymous_2)
FN:20,(anonymous_3)
FNF:3
FNH:3
FNDA:2,(anonymous_1)
FNDA:6,(anonymous_2)
FNDA:10,(anonymous_3)
DA:1,1
DA:2,1
DA:3,1
DA:11,1
DA:12,2
DA:13,2
DA:14,2
DA:16,2
DA:19,1
DA:20,10
LF:10
LH:10
BRDA:13,0,0,0
BRDA:13,1,0,0
BRDA:20,2,0,6
BRDA:20,2,1,2
BRF:4
BRH:2
end_of_record
TN:
SF:src\components\viewsComponents\grades\utils\GradesHelpers.ts
FN:4,(anonymous_1)
FN:9,(anonymous_2)
FNF:2
FNH:2
FNDA:6,(anonymous_1)
FNDA:13,(anonymous_2)
DA:2,1
DA:4,1
DA:5,6
DA:6,1
DA:9,13
DA:11,5
DA:12,1
DA:15,4
DA:17,4
LF:9
LH:9
BRDA:5,0,0,1
BRDA:11,1,0,1
BRF:2
BRH:2
end_of_record
TN:
SF:src\contract\enums\Enums.ts
FN:1,(anonymous_0)
FN:12,(anonymous_1)
FN:20,(anonymous_2)
FN:28,(anonymous_3)
FNF:4
FNH:4
FNDA:3,(anonymous_0)
FNDA:3,(anonymous_1)
FNDA:3,(anonymous_2)
FNDA:3,(anonymous_3)
DA:1,3
DA:2,3
DA:3,3
DA:4,3
DA:5,3
DA:6,3
DA:7,3
DA:8,3
DA:10,3
DA:12,3
DA:13,3
DA:14,3
DA:15,3
DA:16,3
DA:18,3
DA:20,3
DA:21,3
DA:22,3
DA:23,3
DA:24,3
DA:26,3
DA:28,3
DA:29,3
DA:30,3
DA:32,3
LF:25
LH:25
BRDA:1,0,0,3
BRDA:1,0,1,3
BRDA:12,1,0,3
BRDA:12,1,1,3
BRDA:20,2,0,3
BRDA:20,2,1,3
BRDA:28,3,0,3
BRDA:28,3,1,3
BRF:8
BRH:8
end_of_record
TN:
SF:src\redux\stateSlices\auth\Auth.State.Slice.ts
FN:24,(anonymous_0)
FN:34,(anonymous_1)
FN:44,(anonymous_2)
FN:53,(anonymous_3)
FN:54,(anonymous_4)
FN:55,(anonymous_5)
FN:56,(anonymous_6)
FNF:7
FNH:7
FNDA:1,(anonymous_0)
FNDA:1,(anonymous_1)
FNDA:1,(anonymous_2)
FNDA:1,(anonymous_3)
FNDA:1,(anonymous_4)
FNDA:1,(anonymous_5)
FNDA:1,(anonymous_6)
DA:1,1
DA:2,1
DA:12,1
DA:19,1
DA:25,1
DA:26,1
DA:27,1
DA:28,1
DA:29,1
DA:31,1
DA:35,1
DA:37,1
DA:38,1
DA:39,1
DA:40,1
DA:45,1
DA:46,1
DA:47,1
DA:48,1
DA:49,1
DA:53,1
DA:54,1
DA:55,1
DA:56,1
DA:60,1
DA:61,1
DA:63,1
LF:27
LH:27
BRDA:27,0,0,1
BRDA:27,0,1,0
BRDA:28,1,0,1
BRDA:28,1,1,0
BRDA:29,2,0,1
BRDA:29,2,1,0
BRF:6
BRH:3
end_of_record
TN:
SF:src\redux\stateSlices\view\View.State.Slice.ts
FN:3,(anonymous_0)
FN:17,(anonymous_1)
FN:20,(anonymous_2)
FN:25,(anonymous_3)
FNF:4
FNH:4
FNDA:1,(anonymous_0)
FNDA:2,(anonymous_1)
FNDA:2,(anonymous_2)
FNDA:2,(anonymous_3)
DA:1,1
DA:3,1
DA:9,1
DA:13,1
DA:18,2
DA:21,2
DA:25,2
DA:29,1
DA:30,1
DA:32,1
LF:10
LH:10
BRDA:3,0,0,1
BRDA:3,0,1,0
BRF:2
BRH:1
end_of_record
TN:
SF:src\redux\utils\JWT\JWT.Utils.ts
FN:3,parseJwt
FNF:1
FNH:1
FNDA:4,parseJwt
DA:3,1
DA:4,4
DA:5,1
DA:7,3
DA:9,3
DA:10,2
DA:13,1
DA:14,1
DA:16,1
LF:9
LH:9
BRDA:4,0,0,1
BRDA:9,1,0,2
BRF:2
BRH:2
end_of_record
TN:
SF:src\utils\date\Date.Utils.ts
FN:1,(anonymous_0)
FN:7,(anonymous_1)
FNF:2
FNH:2
FNDA:1,(anonymous_0)
FNDA:2,(anonymous_1)
DA:1,1
DA:2,1
DA:3,1
DA:4,1
DA:7,1
DA:8,2
DA:10,1
LF:7
LH:7
BRDA:8,0,0,1
BRF:1
BRH:1
end_of_record
TN:
SF:src\utils\decorators\Decorators.ts
FN:1,(anonymous_0)
FN:5,(anonymous_1)
FNF:2
FNH:2
FNDA:1,(anonymous_0)
FNDA:9,(anonymous_1)
DA:1,1
DA:2,1
DA:5,1
DA:6,9
DA:7,1
DA:10,8
LF:6
LH:6
BRDA:6,0,0,1
BRF:1
BRH:1
end_of_record
